2013/04/20 13:22:33 [error] [exception.CException] exception 'CException' with message 'SiteController cannot find the requested view "index".' in Z:\framework-yii\web\CController.php:878
Stack trace:
#0 Z:\framework-yii\web\CController.php(782): CController->renderPartial('index', NULL, true)
#1 Z:\home\vl-sudoku\www\protected\controllers\SiteController.php(32): CController->render('index')
#2 Z:\framework-yii\web\actions\CInlineAction.php(49): SiteController->actionIndex()
#3 Z:\framework-yii\web\CController.php(308): CInlineAction->runWithParams(Array)
#4 Z:\framework-yii\web\CController.php(286): CController->runAction(Object(CInlineAction))
#5 Z:\framework-yii\web\CController.php(265): CController->runActionWithFilters(Object(CInlineAction), Array)
#6 Z:\framework-yii\web\CWebApplication.php(282): CController->run('')
#7 Z:\framework-yii\web\CWebApplication.php(141): CWebApplication->runController('')
#8 Z:\framework-yii\base\CApplication.php(169): CWebApplication->processRequest()
#9 Z:\home\vl-sudoku\www\index.php(13): CApplication->run()
#10 {main}
REQUEST_URI=/
---
2013/04/20 13:34:17 [error] [exception.CHttpException.404] exception 'CHttpException' with message 'The system is unable to find the requested action "play".' in Z:\framework-yii\web\CController.php:483
Stack trace:
#0 Z:\framework-yii\web\CController.php(270): CController->missingAction('play')
#1 Z:\framework-yii\web\CWebApplication.php(282): CController->run('play')
#2 Z:\framework-yii\web\CWebApplication.php(141): CWebApplication->runController('site/play')
#3 Z:\framework-yii\base\CApplication.php(169): CWebApplication->processRequest()
#4 Z:\home\vl-sudoku\www\index.php(13): CApplication->run()
#5 {main}
REQUEST_URI=/site/play
---
2013/04/20 13:40:39 [error] [exception.CHttpException.404] exception 'CHttpException' with message 'The system is unable to find the requested action "play".' in Z:\framework-yii\web\CController.php:483
Stack trace:
#0 Z:\framework-yii\web\CController.php(270): CController->missingAction('play')
#1 Z:\framework-yii\web\CWebApplication.php(282): CController->run('play')
#2 Z:\framework-yii\web\CWebApplication.php(141): CWebApplication->runController('site/play')
#3 Z:\framework-yii\base\CApplication.php(169): CWebApplication->processRequest()
#4 Z:\home\vl-sudoku\www\index.php(13): CApplication->run()
#5 {main}
REQUEST_URI=/site/play
---
2013/04/20 13:40:40 [error] [exception.CHttpException.404] exception 'CHttpException' with message 'The system is unable to find the requested action "js".' in Z:\framework-yii\web\CController.php:483
Stack trace:
#0 Z:\framework-yii\web\CController.php(270): CController->missingAction('js')
#1 Z:\framework-yii\web\CWebApplication.php(282): CController->run('js')
#2 Z:\framework-yii\web\CWebApplication.php(141): CWebApplication->runController('site/js/vendor/...')
#3 Z:\framework-yii\base\CApplication.php(169): CWebApplication->processRequest()
#4 Z:\home\vl-sudoku\www\index.php(13): CApplication->run()
#5 {main}
REQUEST_URI=/site/js/vendor/modernizr-2.6.2.min.js
HTTP_REFERER=http://vl-sudoku/site/play
---
2013/04/20 13:40:40 [error] [exception.CHttpException.404] exception 'CHttpException' with message 'The system is unable to find the requested action "js".' in Z:\framework-yii\web\CController.php:483
Stack trace:
#0 Z:\framework-yii\web\CController.php(270): CController->missingAction('js')
#1 Z:\framework-yii\web\CWebApplication.php(282): CController->run('js')
#2 Z:\framework-yii\web\CWebApplication.php(141): CWebApplication->runController('site/js/plugins...')
#3 Z:\framework-yii\base\CApplication.php(169): CWebApplication->processRequest()
#4 Z:\home\vl-sudoku\www\index.php(13): CApplication->run()
#5 {main}
REQUEST_URI=/site/js/plugins.js
HTTP_REFERER=http://vl-sudoku/site/play
---
2013/04/20 13:40:40 [error] [exception.CHttpException.404] exception 'CHttpException' with message 'The system is unable to find the requested action "js".' in Z:\framework-yii\web\CController.php:483
Stack trace:
#0 Z:\framework-yii\web\CController.php(270): CController->missingAction('js')
#1 Z:\framework-yii\web\CWebApplication.php(282): CController->run('js')
#2 Z:\framework-yii\web\CWebApplication.php(141): CWebApplication->runController('site/js/bootstr...')
#3 Z:\framework-yii\base\CApplication.php(169): CWebApplication->processRequest()
#4 Z:\home\vl-sudoku\www\index.php(13): CApplication->run()
#5 {main}
REQUEST_URI=/site/js/bootstrap.js
HTTP_REFERER=http://vl-sudoku/site/play
---
2013/04/20 13:40:40 [error] [exception.CHttpException.404] exception 'CHttpException' with message 'The system is unable to find the requested action "js".' in Z:\framework-yii\web\CController.php:483
Stack trace:
#0 Z:\framework-yii\web\CController.php(270): CController->missingAction('js')
#1 Z:\framework-yii\web\CWebApplication.php(282): CController->run('js')
#2 Z:\framework-yii\web\CWebApplication.php(141): CWebApplication->runController('site/js/main.js')
#3 Z:\framework-yii\base\CApplication.php(169): CWebApplication->processRequest()
#4 Z:\home\vl-sudoku\www\index.php(13): CApplication->run()
#5 {main}
REQUEST_URI=/site/js/main.js
HTTP_REFERER=http://vl-sudoku/site/play
---
2013/04/20 13:40:40 [error] [exception.CHttpException.404] exception 'CHttpException' with message 'The system is unable to find the requested action "play".' in Z:\framework-yii\web\CController.php:483
Stack trace:
#0 Z:\framework-yii\web\CController.php(270): CController->missingAction('play')
#1 Z:\framework-yii\web\CWebApplication.php(282): CController->run('play')
#2 Z:\framework-yii\web\CWebApplication.php(141): CWebApplication->runController('site/play')
#3 Z:\framework-yii\base\CApplication.php(169): CWebApplication->processRequest()
#4 Z:\home\vl-sudoku\www\index.php(13): CApplication->run()
#5 {main}
REQUEST_URI=/site/play
---
2013/04/20 13:40:41 [error] [exception.CHttpException.404] exception 'CHttpException' with message 'The system is unable to find the requested action "js".' in Z:\framework-yii\web\CController.php:483
Stack trace:
#0 Z:\framework-yii\web\CController.php(270): CController->missingAction('js')
#1 Z:\framework-yii\web\CWebApplication.php(282): CController->run('js')
#2 Z:\framework-yii\web\CWebApplication.php(141): CWebApplication->runController('site/js/main.js')
#3 Z:\framework-yii\base\CApplication.php(169): CWebApplication->processRequest()
#4 Z:\home\vl-sudoku\www\index.php(13): CApplication->run()
#5 {main}
REQUEST_URI=/site/js/main.js
HTTP_REFERER=http://vl-sudoku/site/play
---
2013/04/20 13:40:41 [error] [exception.CHttpException.404] exception 'CHttpException' with message 'The system is unable to find the requested action "js".' in Z:\framework-yii\web\CController.php:483
Stack trace:
#0 Z:\framework-yii\web\CController.php(270): CController->missingAction('js')
#1 Z:\framework-yii\web\CWebApplication.php(282): CController->run('js')
#2 Z:\framework-yii\web\CWebApplication.php(141): CWebApplication->runController('site/js/bootstr...')
#3 Z:\framework-yii\base\CApplication.php(169): CWebApplication->processRequest()
#4 Z:\home\vl-sudoku\www\index.php(13): CApplication->run()
#5 {main}
REQUEST_URI=/site/js/bootstrap.js
HTTP_REFERER=http://vl-sudoku/site/play
---
2013/04/20 13:40:41 [error] [exception.CHttpException.404] exception 'CHttpException' with message 'The system is unable to find the requested action "js".' in Z:\framework-yii\web\CController.php:483
Stack trace:
#0 Z:\framework-yii\web\CController.php(270): CController->missingAction('js')
#1 Z:\framework-yii\web\CWebApplication.php(282): CController->run('js')
#2 Z:\framework-yii\web\CWebApplication.php(141): CWebApplication->runController('site/js/vendor/...')
#3 Z:\framework-yii\base\CApplication.php(169): CWebApplication->processRequest()
#4 Z:\home\vl-sudoku\www\index.php(13): CApplication->run()
#5 {main}
REQUEST_URI=/site/js/vendor/modernizr-2.6.2.min.js
HTTP_REFERER=http://vl-sudoku/site/play
---
2013/04/20 13:40:41 [error] [exception.CHttpException.404] exception 'CHttpException' with message 'The system is unable to find the requested action "js".' in Z:\framework-yii\web\CController.php:483
Stack trace:
#0 Z:\framework-yii\web\CController.php(270): CController->missingAction('js')
#1 Z:\framework-yii\web\CWebApplication.php(282): CController->run('js')
#2 Z:\framework-yii\web\CWebApplication.php(141): CWebApplication->runController('site/js/plugins...')
#3 Z:\framework-yii\base\CApplication.php(169): CWebApplication->processRequest()
#4 Z:\home\vl-sudoku\www\index.php(13): CApplication->run()
#5 {main}
REQUEST_URI=/site/js/plugins.js
HTTP_REFERER=http://vl-sudoku/site/play
---
2013/04/20 13:40:43 [error] [exception.CHttpException.404] exception 'CHttpException' with message 'Unable to resolve the request "play".' in Z:\framework-yii\web\CWebApplication.php:286
Stack trace:
#0 Z:\framework-yii\web\CWebApplication.php(141): CWebApplication->runController('play')
#1 Z:\framework-yii\base\CApplication.php(169): CWebApplication->processRequest()
#2 Z:\home\vl-sudoku\www\index.php(13): CApplication->run()
#3 {main}
REQUEST_URI=/play
HTTP_REFERER=http://vl-sudoku/
---
2013/04/20 13:40:44 [error] [exception.CHttpException.404] exception 'CHttpException' with message 'Unable to resolve the request "tests".' in Z:\framework-yii\web\CWebApplication.php:286
Stack trace:
#0 Z:\framework-yii\web\CWebApplication.php(141): CWebApplication->runController('tests')
#1 Z:\framework-yii\base\CApplication.php(169): CWebApplication->processRequest()
#2 Z:\home\vl-sudoku\www\index.php(13): CApplication->run()
#3 {main}
REQUEST_URI=/tests
HTTP_REFERER=http://vl-sudoku/play
---
2013/04/20 13:41:13 [error] [exception.CHttpException.404] exception 'CHttpException' with message 'Unable to resolve the request "play".' in Z:\framework-yii\web\CWebApplication.php:286
Stack trace:
#0 Z:\framework-yii\web\CWebApplication.php(141): CWebApplication->runController('play')
#1 Z:\framework-yii\base\CApplication.php(169): CWebApplication->processRequest()
#2 Z:\home\vl-sudoku\www\index.php(13): CApplication->run()
#3 {main}
REQUEST_URI=/play
HTTP_REFERER=http://vl-sudoku/
---
2013/04/20 13:41:14 [error] [exception.CHttpException.404] exception 'CHttpException' with message 'Unable to resolve the request "tests".' in Z:\framework-yii\web\CWebApplication.php:286
Stack trace:
#0 Z:\framework-yii\web\CWebApplication.php(141): CWebApplication->runController('tests')
#1 Z:\framework-yii\base\CApplication.php(169): CWebApplication->processRequest()
#2 Z:\home\vl-sudoku\www\index.php(13): CApplication->run()
#3 {main}
REQUEST_URI=/tests
HTTP_REFERER=http://vl-sudoku/play
---
2013/04/20 13:41:14 [error] [exception.CHttpException.404] exception 'CHttpException' with message 'Unable to resolve the request "play".' in Z:\framework-yii\web\CWebApplication.php:286
Stack trace:
#0 Z:\framework-yii\web\CWebApplication.php(141): CWebApplication->runController('play')
#1 Z:\framework-yii\base\CApplication.php(169): CWebApplication->processRequest()
#2 Z:\home\vl-sudoku\www\index.php(13): CApplication->run()
#3 {main}
REQUEST_URI=/play
HTTP_REFERER=http://vl-sudoku/tests
---
2013/04/20 13:44:33 [error] [exception.CHttpException.404] exception 'CHttpException' with message 'Unable to resolve the request "play".' in Z:\framework-yii\web\CWebApplication.php:286
Stack trace:
#0 Z:\framework-yii\web\CWebApplication.php(141): CWebApplication->runController('play')
#1 Z:\framework-yii\base\CApplication.php(169): CWebApplication->processRequest()
#2 Z:\home\vl-sudoku\www\index.php(13): CApplication->run()
#3 {main}
REQUEST_URI=/play
HTTP_REFERER=http://vl-sudoku/
---
2013/04/20 14:06:35 [error] [exception.CException] exception 'CException' with message 'Property "CUrlManager.less" is not defined.' in Z:\framework-yii\base\CComponent.php:173
Stack trace:
#0 Z:\framework-yii\YiiBase.php(220): CComponent->__set('less', Array)
#1 Z:\framework-yii\base\CModule.php(386): YiiBase::createComponent(Array)
#2 Z:\framework-yii\base\CApplication.php(510): CModule->getComponent('urlManager')
#3 Z:\framework-yii\web\CWebApplication.php(140): CApplication->getUrlManager()
#4 Z:\framework-yii\base\CApplication.php(169): CWebApplication->processRequest()
#5 Z:\home\vl-sudoku\www\index.php(13): CApplication->run()
#6 {main}
REQUEST_URI=/
HTTP_REFERER=http://vl-sudoku/
---
2013/04/20 14:06:36 [error] [exception.CException] exception 'CException' with message 'Property "CUrlManager.less" is not defined.' in Z:\framework-yii\base\CComponent.php:173
Stack trace:
#0 Z:\framework-yii\YiiBase.php(220): CComponent->__set('less', Array)
#1 Z:\framework-yii\base\CModule.php(386): YiiBase::createComponent(Array)
#2 Z:\framework-yii\base\CApplication.php(510): CModule->getComponent('urlManager')
#3 Z:\framework-yii\web\CWebApplication.php(140): CApplication->getUrlManager()
#4 Z:\framework-yii\base\CApplication.php(169): CWebApplication->processRequest()
#5 Z:\home\vl-sudoku\www\index.php(13): CApplication->run()
#6 {main}
REQUEST_URI=/
HTTP_REFERER=http://vl-sudoku/
---
2013/04/20 14:14:26 [error] [exception.CException] exception 'CException' with message 'LessCompiler: Failed to compile less file with message: parse error.' in Z:\home\vl-sudoku\www\protected\extensions\less\components\LessCompiler.php:69
Stack trace:
#0 Z:\home\vl-sudoku\www\protected\extensions\less\components\LessCompiler.php(85): LessCompiler->compile('Z:/home/vl-sudo...', 'Z:/home/vl-sudo...')
#1 Z:\home\vl-sudoku\www\protected\extensions\less\components\LessCompiler.php(49): LessCompiler->compileAll()
#2 Z:\framework-yii\base\CModule.php(387): LessCompiler->init()
#3 Z:\framework-yii\base\CModule.php(523): CModule->getComponent('less')
#4 Z:\framework-yii\base\CApplication.php(152): CModule->preloadComponents()
#5 Z:\framework-yii\YiiBase.php(125): CApplication->__construct('Z:\home\vl-sudo...')
#6 Z:\framework-yii\YiiBase.php(98): YiiBase::createApplication('CWebApplication', 'Z:\home\vl-sudo...')
#7 Z:\home\vl-sudoku\www\index.php(13): YiiBase::createWebApplication('Z:\home\vl-sudo...')
#8 {main}
REQUEST_URI=/
HTTP_REFERER=http://vl-sudoku/
---
2013/05/19 16:36:37 [error] [exception.CHttpException.404] exception 'CHttpException' with message 'Unable to resolve the request "play".' in Z:\framework-yii\web\CWebApplication.php:286
Stack trace:
#0 Z:\framework-yii\web\CWebApplication.php(141): CWebApplication->runController('play')
#1 Z:\framework-yii\base\CApplication.php(169): CWebApplication->processRequest()
#2 Z:\home\vl-sudoku\www\index.php(13): CApplication->run()
#3 {main}
REQUEST_URI=/play
HTTP_REFERER=http://vl-sudoku/
---
2013/05/19 16:38:46 [error] [exception.CHttpException.404] exception 'CHttpException' with message 'Unable to resolve the request "play".' in Z:\framework-yii\web\CWebApplication.php:286
Stack trace:
#0 Z:\framework-yii\web\CWebApplication.php(141): CWebApplication->runController('play')
#1 Z:\framework-yii\base\CApplication.php(169): CWebApplication->processRequest()
#2 Z:\home\vl-sudoku\www\index.php(13): CApplication->run()
#3 {main}
REQUEST_URI=/play
HTTP_REFERER=http://vl-sudoku/
---
2013/05/20 15:36:05 [error] [exception.CHttpException.404] exception 'CHttpException' with message 'Unable to resolve the request "play".' in Z:\framework-yii\web\CWebApplication.php:286
Stack trace:
#0 Z:\framework-yii\web\CWebApplication.php(141): CWebApplication->runController('play')
#1 Z:\framework-yii\base\CApplication.php(169): CWebApplication->processRequest()
#2 Z:\home\v-lab\www\index.php(13): CApplication->run()
#3 {main}
REQUEST_URI=/play
HTTP_REFERER=http://v-lab/
---
2013/05/20 15:36:06 [error] [exception.CHttpException.404] exception 'CHttpException' with message 'Unable to resolve the request "tests".' in Z:\framework-yii\web\CWebApplication.php:286
Stack trace:
#0 Z:\framework-yii\web\CWebApplication.php(141): CWebApplication->runController('tests')
#1 Z:\framework-yii\base\CApplication.php(169): CWebApplication->processRequest()
#2 Z:\home\v-lab\www\index.php(13): CApplication->run()
#3 {main}
REQUEST_URI=/tests
HTTP_REFERER=http://v-lab/play
---
2013/05/20 15:36:08 [error] [exception.CHttpException.404] exception 'CHttpException' with message 'Unable to resolve the request "play".' in Z:\framework-yii\web\CWebApplication.php:286
Stack trace:
#0 Z:\framework-yii\web\CWebApplication.php(141): CWebApplication->runController('play')
#1 Z:\framework-yii\base\CApplication.php(169): CWebApplication->processRequest()
#2 Z:\home\v-lab\www\index.php(13): CApplication->run()
#3 {main}
REQUEST_URI=/play
HTTP_REFERER=http://v-lab/
---
2013/05/20 15:36:09 [error] [exception.CHttpException.404] exception 'CHttpException' with message 'Unable to resolve the request "tests".' in Z:\framework-yii\web\CWebApplication.php:286
Stack trace:
#0 Z:\framework-yii\web\CWebApplication.php(141): CWebApplication->runController('tests')
#1 Z:\framework-yii\base\CApplication.php(169): CWebApplication->processRequest()
#2 Z:\home\v-lab\www\index.php(13): CApplication->run()
#3 {main}
REQUEST_URI=/tests
HTTP_REFERER=http://v-lab/play
---
2013/05/20 15:36:09 [error] [exception.CHttpException.404] exception 'CHttpException' with message 'Unable to resolve the request "play".' in Z:\framework-yii\web\CWebApplication.php:286
Stack trace:
#0 Z:\framework-yii\web\CWebApplication.php(141): CWebApplication->runController('play')
#1 Z:\framework-yii\base\CApplication.php(169): CWebApplication->processRequest()
#2 Z:\home\v-lab\www\index.php(13): CApplication->run()
#3 {main}
REQUEST_URI=/play
HTTP_REFERER=http://v-lab/tests
---
2013/05/20 15:36:12 [error] [exception.CHttpException.404] exception 'CHttpException' with message 'Unable to resolve the request "play".' in Z:\framework-yii\web\CWebApplication.php:286
Stack trace:
#0 Z:\framework-yii\web\CWebApplication.php(141): CWebApplication->runController('play')
#1 Z:\framework-yii\base\CApplication.php(169): CWebApplication->processRequest()
#2 Z:\home\v-lab\www\index.php(13): CApplication->run()
#3 {main}
REQUEST_URI=/play
HTTP_REFERER=http://v-lab/
---
2013/05/20 15:36:13 [error] [exception.CHttpException.404] exception 'CHttpException' with message 'Unable to resolve the request "tests".' in Z:\framework-yii\web\CWebApplication.php:286
Stack trace:
#0 Z:\framework-yii\web\CWebApplication.php(141): CWebApplication->runController('tests')
#1 Z:\framework-yii\base\CApplication.php(169): CWebApplication->processRequest()
#2 Z:\home\v-lab\www\index.php(13): CApplication->run()
#3 {main}
REQUEST_URI=/tests
HTTP_REFERER=http://v-lab/play
---
2013/05/20 15:36:14 [error] [exception.CHttpException.404] exception 'CHttpException' with message 'Unable to resolve the request "play".' in Z:\framework-yii\web\CWebApplication.php:286
Stack trace:
#0 Z:\framework-yii\web\CWebApplication.php(141): CWebApplication->runController('play')
#1 Z:\framework-yii\base\CApplication.php(169): CWebApplication->processRequest()
#2 Z:\home\v-lab\www\index.php(13): CApplication->run()
#3 {main}
REQUEST_URI=/play
HTTP_REFERER=http://v-lab/tests
---
